<?xml version="1.0" encoding="UTF-8"?>
<!-- Generated by org.testng.reporters.JUnitXMLReporter -->
<testsuite hostname="DESKTOP-RTOV87Q" ignored="0" name="Default test" tests="3" failures="0" timestamp="23 Mar 2018 06:19:34 GMT" time="1.826" errors="0">
  <testcase name="checkloginfunctionality" time="0.014" classname="com.Testcases.TestCasesExecution"/>
  <testcase name="checkloginfunctionality" time="0.012" classname="com.Testcases.TestCasesExecution"/>
  <testcase name="checkloginfunctionality" time="0.002" classname="com.Testcases.TestCasesExecution"/>
</testsuite> <!-- Default test -->
