<?xml version="1.0" encoding="UTF-8"?>
<!-- Generated by org.testng.reporters.JUnitXMLReporter -->
<testsuite hostname="DESKTOP-RTOV87Q" ignored="0" name="Test" tests="1" failures="1" timestamp="23 Mar 2018 06:56:33 GMT" time="0.782" errors="0">
  <testcase name="checkloginfunctionality" time="0.0" classname="com.Testcases.TestCasesExecution">
    <failure type="org.testng.TestNGException" message="
Cannot inject @Test annotated Method [checkloginfunctionality] with [class java.lang.String, class java.lang.String].
For more information on native dependency injection please refer to http://testng.org/doc/documentation-main.html#native-dependency-injection">
      <![CDATA[org.testng.TestNGException: 
Cannot inject @Test annotated Method [checkloginfunctionality] with [class java.lang.String, class java.lang.String].
For more information on native dependency injection please refer to http://testng.org/doc/documentation-main.html#native-dependency-injection
... Removed 24 stack frames]]>
    </failure>
  </testcase> <!-- checkloginfunctionality -->
</testsuite> <!-- Test -->
